<?xml version="1.0" encoding="UTF-8"?>
<!-- Generated by org.testng.reporters.JUnitReportReporter -->
<testsuite hostname="DESKTOP-SG6A9QP" failures="0" tests="1" name="week4.day4.testcase.MergeLead" time="33.541" errors="0" timestamp="2022-11-19T13:58:21 IST" skipped="0">
  <testcase classname="week4.day4.testcase.MergeLead" name="mergeLead" time="33.541"/>
  <system-out/>
</testsuite> <!-- week4.day4.testcase.MergeLead -->
