<?xml version="1.0" encoding="UTF-8"?>
<!-- Generated by org.testng.reporters.JUnitReportReporter -->
<testsuite hostname="DESKTOP-SG6A9QP" failures="0" tests="1" name="week5.day1.SalesForceAssignment1" time="47.738" errors="0" timestamp="2022-11-23T20:28:31 IST" skipped="0">
  <testcase classname="week5.day1.SalesForceAssignment1" name="SalesForce" time="47.738"/>
  <system-out/>
</testsuite> <!-- week5.day1.SalesForceAssignment1 -->
