<?xml version="1.0" encoding="UTF-8"?>
<!-- Generated by org.testng.reporters.JUnitReportReporter -->
<testsuite hostname="DESKTOP-SG6A9QP" failures="0" tests="1" name="week5.day2.ReadExcelData" time="1.910" errors="0" timestamp="2022-11-22T10:46:19 IST" skipped="0">
  <testcase classname="week5.day2.ReadExcelData" name="readData" time="1.910"/>
  <system-out/>
</testsuite> <!-- week5.day2.ReadExcelData -->
