<?xml version="1.0" encoding="UTF-8"?>
<!-- Generated by org.testng.reporters.JUnitReportReporter -->
<testsuite hostname="DESKTOP-SG6A9QP" failures="0" tests="1" name="week4.day4.testcase.EditLead" time="0.000" errors="0" timestamp="2022-11-21T11:28:40 IST" skipped="1">
  <testcase classname="week4.day4.testcase.EditLead" name="editLead" time="0.000">
    <skipped/>
  </testcase> <!-- editLead -->
  <system-out/>
</testsuite> <!-- week4.day4.testcase.EditLead -->
