<?xml version="1.0" encoding="UTF-8"?>
<!-- Generated by org.testng.reporters.JUnitReportReporter -->
<testsuite hostname="DESKTOP-SG6A9QP" failures="0" tests="1" name="week4.day4.testcase.DuplicateLead" time="31.165" errors="0" timestamp="2022-11-19T13:58:21 IST" skipped="0">
  <testcase classname="week4.day4.testcase.DuplicateLead" name="duplicateLead" time="31.165"/>
  <system-out/>
</testsuite> <!-- week4.day4.testcase.DuplicateLead -->
